<?xml version="1.0" encoding="UTF-8"?>
<coverage generated="1730279815795" clover="3.2.0">
  <project timestamp="1730279815795" name="All files">
    <metrics statements="17" coveredstatements="17" conditionals="9" coveredconditionals="9" methods="2" coveredmethods="2" elements="28" coveredelements="28" complexity="0" loc="17" ncloc="17" packages="1" files="1" classes="1"/>
    <file name="index.js" path="D:\pythonProject\order-by-props\src\index.js">
      <metrics statements="17" coveredstatements="17" conditionals="9" coveredconditionals="9" methods="2" coveredmethods="2"/>
      <line num="3" count="9" type="stmt"/>
      <line num="4" count="12" type="stmt"/>
      <line num="5" count="21" type="cond" truecount="2" falsecount="0"/>
      <line num="6" count="14" type="stmt"/>
      <line num="7" count="14" type="stmt"/>
      <line num="8" count="14" type="stmt"/>
      <line num="12" count="9" type="stmt"/>
      <line num="16" count="9" type="stmt"/>
      <line num="19" count="9" type="stmt"/>
      <line num="20" count="16" type="cond" truecount="2" falsecount="0"/>
      <line num="21" count="12" type="stmt"/>
      <line num="26" count="9" type="stmt"/>
      <line num="27" count="9" type="stmt"/>
      <line num="28" count="31" type="cond" truecount="4" falsecount="0"/>
      <line num="29" count="19" type="stmt"/>
      <line num="34" count="9" type="stmt"/>
      <line num="37" count="9" type="stmt"/>
    </file>
  </project>
</coverage>
