{"D:\\pythonProject\\order-by-props\\src\\index.js": {"path":"D:\\pythonProject\\order-by-props\\src\\index.js","statementMap":{"0":{"start":{"line":3,"column":4},"end":{"line":11,"column":5}},"1":{"start":{"line":3,"column":17},"end":{"line":3,"column":18}},"2":{"start":{"line":4,"column":6},"end":{"line":10,"column":7}},"3":{"start":{"line":4,"column":19},"end":{"line":4,"column":24}},"4":{"start":{"line":5,"column":8},"end":{"line":9,"column":9}},"5":{"start":{"line":6,"column":23},"end":{"line":6,"column":40}},"6":{"start":{"line":7,"column":10},"end":{"line":7,"column":48}},"7":{"start":{"line":8,"column":10},"end":{"line":8,"column":35}},"8":{"start":{"line":12,"column":4},"end":{"line":12,"column":26}},"9":{"start":{"line":16,"column":19},"end":{"line":16,"column":21}},"10":{"start":{"line":19,"column":4},"end":{"line":23,"column":5}},"11":{"start":{"line":20,"column":6},"end":{"line":22,"column":7}},"12":{"start":{"line":21,"column":8},"end":{"line":21,"column":46}},"13":{"start":{"line":26,"column":27},"end":{"line":26,"column":29}},"14":{"start":{"line":27,"column":4},"end":{"line":31,"column":5}},"15":{"start":{"line":28,"column":6},"end":{"line":30,"column":7}},"16":{"start":{"line":29,"column":8},"end":{"line":29,"column":54}},"17":{"start":{"line":34,"column":33},"end":{"line":34,"column":67}},"18":{"start":{"line":37,"column":4},"end":{"line":37,"column":48}}},"fnMap":{"0":{"name":"sortRemainingProps","decl":{"start":{"line":2,"column":9},"end":{"line":2,"column":27}},"loc":{"start":{"line":2,"column":44},"end":{"line":13,"column":3}},"line":2},"1":{"name":"orderByProps","decl":{"start":{"line":15,"column":18},"end":{"line":15,"column":30}},"loc":{"start":{"line":15,"column":48},"end":{"line":38,"column":3}},"line":15}},"branchMap":{"0":{"loc":{"start":{"line":5,"column":8},"end":{"line":9,"column":9}},"type":"if","locations":[{"start":{"line":5,"column":8},"end":{"line":9,"column":9}},{"start":{},"end":{}}],"line":5},"1":{"loc":{"start":{"line":15,"column":36},"end":{"line":15,"column":46}},"type":"default-arg","locations":[{"start":{"line":15,"column":44},"end":{"line":15,"column":46}}],"line":15},"2":{"loc":{"start":{"line":20,"column":6},"end":{"line":22,"column":7}},"type":"if","locations":[{"start":{"line":20,"column":6},"end":{"line":22,"column":7}},{"start":{},"end":{}}],"line":20},"3":{"loc":{"start":{"line":28,"column":6},"end":{"line":30,"column":7}},"type":"if","locations":[{"start":{"line":28,"column":6},"end":{"line":30,"column":7}},{"start":{},"end":{}}],"line":28},"4":{"loc":{"start":{"line":28,"column":10},"end":{"line":28,"column":80}},"type":"binary-expr","locations":[{"start":{"line":28,"column":10},"end":{"line":28,"column":56}},{"start":{"line":28,"column":60},"end":{"line":28,"column":80}}],"line":28}},"s":{"0":9,"1":9,"2":12,"3":12,"4":21,"5":14,"6":14,"7":14,"8":9,"9":9,"10":9,"11":16,"12":12,"13":9,"14":9,"15":31,"16":19,"17":9,"18":9},"f":{"0":9,"1":9},"b":{"0":[14,7],"1":[1],"2":[12,4],"3":[19,12],"4":[31,31]},"_coverageSchema":"1a1c01bbd47fc00a2c39e90264f33305004495a9","hash":"c7174cef2512274977a5ab053cc205993cbfe1a2"}
}
